<?xml version="1.0" encoding="UTF-8"?>
<!-- Generated by org.testng.reporters.JUnitXMLReporter -->
<testsuite ignored="0" hostname="DESKTOP-J72EOSL" failures="0" tests="5" name="FirefoxTest" time="1569.205" errors="0" timestamp="2022-06-27T13:06:58 IST">
  <testcase classname="orangeTest.OrangeTest" name="@BeforeClass beforeClass" time="0.192">
    <failure type="org.openqa.selenium.WebDriverException" message="Failed to decode response from marionette
Build info: version: &amp;apos;3.141.59&amp;apos;, revision: &amp;apos;e82be7d358&amp;apos;, time: &amp;apos;2018-11-14T08:17:03&amp;apos;
System info: host: &amp;apos;DESKTOP-J72EOSL&amp;apos;, ip: &amp;apos;192.168.0.104&amp;apos;, os.name: &amp;apos;Windows 10&amp;apos;, os.arch: &amp;apos;amd64&amp;apos;, os.version: &amp;apos;10.0&amp;apos;, java.version: &amp;apos;17.0.3.1&amp;apos;
Driver info: org.openqa.selenium.firefox.FirefoxDriver
Capabilities {acceptInsecureCerts: true, browserName: firefox, browserVersion: 101.0.1, javascriptEnabled: true, moz:accessibilityChecks: false, moz:buildID: 20220608170832, moz:geckodriverVersion: 0.31.0, moz:headless: false, moz:processID: 1032, moz:profile: C:\Users\Admin\AppData\Loca..., moz:shutdownTimeout: 60000, moz:useNonSpecCompliantPointerOrigin: false, moz:webdriverClick: true, pageLoadStrategy: normal, platform: WINDOWS, platformName: WINDOWS, platformVersion: 10.0, proxy: Proxy(), setWindowRect: true, strictFileInteractability: false, timeouts: {implicit: 0, pageLoad: 300000, script: 30000}, unhandledPromptBehavior: dismiss and notify}
Session ID: 01afd360-59ba-4ca2-b580-1172461c4235">
      <![CDATA[org.openqa.selenium.WebDriverException: Failed to decode response from marionette
Build info: version: '3.141.59', revision: 'e82be7d358', time: '2018-11-14T08:17:03'
System info: host: 'DESKTOP-J72EOSL', ip: '192.168.0.104', os.name: 'Windows 10', os.arch: 'amd64', os.version: '10.0', java.version: '17.0.3.1'
Driver info: org.openqa.selenium.firefox.FirefoxDriver
Capabilities {acceptInsecureCerts: true, browserName: firefox, browserVersion: 101.0.1, javascriptEnabled: true, moz:accessibilityChecks: false, moz:buildID: 20220608170832, moz:geckodriverVersion: 0.31.0, moz:headless: false, moz:processID: 1032, moz:profile: C:\Users\Admin\AppData\Loca..., moz:shutdownTimeout: 60000, moz:useNonSpecCompliantPointerOrigin: false, moz:webdriverClick: true, pageLoadStrategy: normal, platform: WINDOWS, platformName: WINDOWS, platformVersion: 10.0, proxy: Proxy(), setWindowRect: true, strictFileInteractability: false, timeouts: {implicit: 0, pageLoad: 300000, script: 30000}, unhandledPromptBehavior: dismiss and notify}
Session ID: 01afd360-59ba-4ca2-b580-1172461c4235
at org.openqa.selenium.remote.http.W3CHttpResponseCodec.createException(W3CHttpResponseCodec.java:187)
at org.openqa.selenium.remote.http.W3CHttpResponseCodec.decode(W3CHttpResponseCodec.java:122)
at org.openqa.selenium.remote.http.W3CHttpResponseCodec.decode(W3CHttpResponseCodec.java:49)
at org.openqa.selenium.remote.HttpCommandExecutor.execute(HttpCommandExecutor.java:158)
at org.openqa.selenium.remote.service.DriverCommandExecutor.execute(DriverCommandExecutor.java:83)
at org.openqa.selenium.remote.RemoteWebDriver.execute(RemoteWebDriver.java:552)
at org.openqa.selenium.remote.RemoteWebDriver$RemoteWebDriverOptions$RemoteTimeouts.implicitlyWait(RemoteWebDriver.java:780)
at orangeTest.OrangeTest.beforeClass(OrangeTest.java:48)
at java.base/java.util.concurrent.ThreadPoolExecutor.runWorker(ThreadPoolExecutor.java:1136)
at java.base/java.util.concurrent.ThreadPoolExecutor$Worker.run(ThreadPoolExecutor.java:635)
at java.base/java.lang.Thread.run(Thread.java:833)
... Removed 15 stack frames]]>
    </failure>
  </testcase> <!-- @BeforeClass beforeClass -->
  <testcase classname="orangeTest.OrangeTest" name="@BeforeMethod beforeMethod" time="0.0">
    <skipped/>
  </testcase> <!-- @BeforeMethod beforeMethod -->
  <testcase classname="orangeTest.OrangeTest" name="@AfterMethod afterMethod" time="0.0">
    <skipped/>
  </testcase> <!-- @AfterMethod afterMethod -->
  <testcase classname="orangeTest.OrangeTest" name="@BeforeMethod beforeMethod" time="0.0">
    <skipped/>
  </testcase> <!-- @BeforeMethod beforeMethod -->
  <testcase classname="orangeTest.OrangeTest" name="@AfterMethod afterMethod" time="0.0">
    <skipped/>
  </testcase> <!-- @AfterMethod afterMethod -->
  <testcase classname="orangeTest.OrangeTest" name="@BeforeMethod beforeMethod" time="0.0">
    <skipped/>
  </testcase> <!-- @BeforeMethod beforeMethod -->
  <testcase classname="orangeTest.OrangeTest" name="@AfterMethod afterMethod" time="0.0">
    <skipped/>
  </testcase> <!-- @AfterMethod afterMethod -->
  <testcase classname="orangeTest.OrangeTest" name="@BeforeMethod beforeMethod" time="0.0">
    <skipped/>
  </testcase> <!-- @BeforeMethod beforeMethod -->
  <testcase classname="orangeTest.OrangeTest" name="@AfterMethod afterMethod" time="0.0">
    <skipped/>
  </testcase> <!-- @AfterMethod afterMethod -->
  <testcase classname="orangeTest.OrangeTest" name="@AfterClass afterClass" time="0.0">
    <skipped/>
  </testcase> <!-- @AfterClass afterClass -->
  <testcase classname="prsTest.NewTest" name="@AfterMethod afterMethod" time="0.407">
    <failure type="org.openqa.selenium.WebDriverException" message="Reached error page: about:neterror?e=dnsNotFound&amp;amp;u=https%3A//kite.zerodha.com/logout&amp;amp;c=UTF-8&amp;amp;d=We%20can%E2%80%99t%20connect%20to%20the%20server%20at%20kite.zerodha.com.
Build info: version: &amp;apos;3.141.59&amp;apos;, revision: &amp;apos;e82be7d358&amp;apos;, time: &amp;apos;2018-11-14T08:17:03&amp;apos;
System info: host: &amp;apos;DESKTOP-J72EOSL&amp;apos;, ip: &amp;apos;192.168.0.104&amp;apos;, os.name: &amp;apos;Windows 10&amp;apos;, os.arch: &amp;apos;amd64&amp;apos;, os.version: &amp;apos;10.0&amp;apos;, java.version: &amp;apos;17.0.3.1&amp;apos;
Driver info: org.openqa.selenium.firefox.FirefoxDriver
Capabilities {acceptInsecureCerts: true, browserName: firefox, browserVersion: 101.0.1, javascriptEnabled: true, moz:accessibilityChecks: false, moz:buildID: 20220608170832, moz:geckodriverVersion: 0.31.0, moz:headless: false, moz:processID: 8132, moz:profile: C:\Users\Admin\AppData\Loca..., moz:shutdownTimeout: 60000, moz:useNonSpecCompliantPointerOrigin: false, moz:webdriverClick: true, pageLoadStrategy: normal, platform: WINDOWS, platformName: WINDOWS, platformVersion: 10.0, proxy: Proxy(), setWindowRect: true, strictFileInteractability: false, timeouts: {implicit: 0, pageLoad: 300000, script: 30000}, unhandledPromptBehavior: dismiss and notify}
Session ID: 69d02eb4-5198-490c-9887-9418ec25f64c">
      <![CDATA[org.openqa.selenium.WebDriverException: Reached error page: about:neterror?e=dnsNotFound&u=https%3A//kite.zerodha.com/logout&c=UTF-8&d=We%20can%E2%80%99t%20connect%20to%20the%20server%20at%20kite.zerodha.com.
Build info: version: '3.141.59', revision: 'e82be7d358', time: '2018-11-14T08:17:03'
System info: host: 'DESKTOP-J72EOSL', ip: '192.168.0.104', os.name: 'Windows 10', os.arch: 'amd64', os.version: '10.0', java.version: '17.0.3.1'
Driver info: org.openqa.selenium.firefox.FirefoxDriver
Capabilities {acceptInsecureCerts: true, browserName: firefox, browserVersion: 101.0.1, javascriptEnabled: true, moz:accessibilityChecks: false, moz:buildID: 20220608170832, moz:geckodriverVersion: 0.31.0, moz:headless: false, moz:processID: 8132, moz:profile: C:\Users\Admin\AppData\Loca..., moz:shutdownTimeout: 60000, moz:useNonSpecCompliantPointerOrigin: false, moz:webdriverClick: true, pageLoadStrategy: normal, platform: WINDOWS, platformName: WINDOWS, platformVersion: 10.0, proxy: Proxy(), setWindowRect: true, strictFileInteractability: false, timeouts: {implicit: 0, pageLoad: 300000, script: 30000}, unhandledPromptBehavior: dismiss and notify}
Session ID: 69d02eb4-5198-490c-9887-9418ec25f64c
at org.openqa.selenium.remote.http.W3CHttpResponseCodec.createException(W3CHttpResponseCodec.java:187)
at org.openqa.selenium.remote.http.W3CHttpResponseCodec.decode(W3CHttpResponseCodec.java:122)
at org.openqa.selenium.remote.http.W3CHttpResponseCodec.decode(W3CHttpResponseCodec.java:49)
at org.openqa.selenium.remote.HttpCommandExecutor.execute(HttpCommandExecutor.java:158)
at org.openqa.selenium.remote.service.DriverCommandExecutor.execute(DriverCommandExecutor.java:83)
at org.openqa.selenium.remote.RemoteWebDriver.execute(RemoteWebDriver.java:552)
at org.openqa.selenium.remote.RemoteWebElement.execute(RemoteWebElement.java:285)
at org.openqa.selenium.remote.RemoteWebElement.click(RemoteWebElement.java:84)
at org.openqa.selenium.support.pagefactory.internal.LocatingElementHandler.invoke(LocatingElementHandler.java:51)
at jdk.proxy2/jdk.proxy2.$Proxy15.click(Unknown Source)
at pomKiteZerodha.LogInPage.logout(LogInPage.java:58)
at prsTest.NewTest.afterMethod(NewTest.java:83)
at java.base/java.util.concurrent.ThreadPoolExecutor.runWorker(ThreadPoolExecutor.java:1136)
at java.base/java.util.concurrent.ThreadPoolExecutor$Worker.run(ThreadPoolExecutor.java:635)
at java.base/java.lang.Thread.run(Thread.java:833)
... Removed 25 stack frames]]>
    </failure>
  </testcase> <!-- @AfterMethod afterMethod -->
  <testcase classname="prsTest.NewTest" name="@AfterClass afterClass" time="0.0">
    <skipped/>
  </testcase> <!-- @AfterClass afterClass -->
  <testcase classname="orangeTest.OrangeTest" name="testB" time="0.0">
    <skipped/>
  </testcase> <!-- testB -->
  <testcase classname="orangeTest.OrangeTest" name="testC" time="0.0">
    <skipped/>
  </testcase> <!-- testC -->
  <testcase classname="orangeTest.OrangeTest" name="testD" time="0.0">
    <skipped/>
  </testcase> <!-- testD -->
  <testcase classname="orangeTest.OrangeTest" name="testE" time="0.0">
    <skipped/>
  </testcase> <!-- testE -->
  <testcase classname="prsTest.NewTest" name="f" time="1561.782"/>
</testsuite> <!-- FirefoxTest -->
