<?xml version="1.0" encoding="UTF-8"?>
<!-- Generated by org.testng.reporters.JUnitXMLReporter -->
<testsuite ignored="0" hostname="DESKTOP-J72EOSL" failures="0" tests="5" name="Test" time="59.484" errors="0" timestamp="2022-06-23T22:24:20 IST">
  <testcase classname="orangeTest.OrangeTest" name="testB" time="9.6"/>
  <testcase classname="orangeTest.OrangeTest" name="testC" time="0.031"/>
  <testcase classname="orangeTest.OrangeTest" name="testD" time="0.082"/>
  <testcase classname="prsTest.NewTest" name="f" time="47.826"/>
  <testcase classname="orangeTest.OrangeTest" name="testE" time="5.134"/>
</testsuite> <!-- Test -->
