<?xml version="1.0" encoding="UTF-8"?>
<!-- Generated by org.testng.reporters.JUnitXMLReporter -->
<testsuite ignored="2" hostname="DESKTOP-J72EOSL" failures="0" tests="2" name="FirefoxTest(failed)" time="33.042" errors="0" timestamp="2022-06-27T12:40:35 IST">
  <testcase classname="orangeTest.OrangeTest" name="testE" time="4.65"/>
  <testcase classname="orangeTest.OrangeTest" name="testD" time="0.049"/>
  <testcase classname="orangeTest.OrangeTest" name="testC" time="0.0">
    <ignored/>
  </testcase> <!-- testC -->
  <testcase classname="orangeTest.OrangeTest" name="testB" time="0.0">
    <ignored/>
  </testcase> <!-- testB -->
</testsuite> <!-- FirefoxTest(failed) -->
