<?xml version="1.0" encoding="UTF-8"?>
<!-- Generated by org.testng.reporters.JUnitXMLReporter -->
<testsuite ignored="3" hostname="DESKTOP-J72EOSL" failures="0" tests="1" name="Default test(failed)" time="23.053" errors="0" timestamp="2022-06-23T16:43:52 IST">
  <testcase classname="orangeTest.OrangeTest" name="testE" time="4.148"/>
  <testcase classname="orangeTest.OrangeTest" name="testC" time="0.0">
    <ignored/>
  </testcase> <!-- testC -->
  <testcase classname="orangeTest.OrangeTest" name="testD" time="0.0">
    <ignored/>
  </testcase> <!-- testD -->
  <testcase classname="orangeTest.OrangeTest" name="testB" time="0.0">
    <ignored/>
  </testcase> <!-- testB -->
</testsuite> <!-- Default test(failed) -->
